2019-08-06 21:46:15,919 [main] INFO  [c.u.j.c.EnableEncryptablePropertiesBeanFactoryPostProcessor] EnableEncryptablePropertiesBeanFactoryPostProcessor.java:50 - Post-processing PropertySource instances
2019-08-06 21:46:16,180 [main] INFO  [c.u.j.EncryptablePropertySourceConverter] EncryptablePropertySourceConverter.java:39 - Converting PropertySource configurationProperties [org.springframework.boot.context.properties.source.ConfigurationPropertySourcesPropertySource] to AOP Proxy
2019-08-06 21:46:16,182 [main] INFO  [c.u.j.EncryptablePropertySourceConverter] EncryptablePropertySourceConverter.java:39 - Converting PropertySource bootstrap [org.springframework.core.env.MapPropertySource] to EncryptableMapPropertySourceWrapper
2019-08-06 21:46:16,183 [main] INFO  [c.u.j.EncryptablePropertySourceConverter] EncryptablePropertySourceConverter.java:39 - Converting PropertySource systemProperties [org.springframework.core.env.PropertiesPropertySource] to EncryptableMapPropertySourceWrapper
2019-08-06 21:46:16,184 [main] INFO  [c.u.j.EncryptablePropertySourceConverter] EncryptablePropertySourceConverter.java:39 - Converting PropertySource systemEnvironment [org.springframework.boot.env.SystemEnvironmentPropertySourceEnvironmentPostProcessor$OriginAwareSystemEnvironmentPropertySource] to EncryptableMapPropertySourceWrapper
2019-08-06 21:46:16,185 [main] INFO  [c.u.j.EncryptablePropertySourceConverter] EncryptablePropertySourceConverter.java:39 - Converting PropertySource random [org.springframework.boot.env.RandomValuePropertySource] to EncryptablePropertySourceWrapper
2019-08-06 21:46:16,185 [main] INFO  [c.u.j.EncryptablePropertySourceConverter] EncryptablePropertySourceConverter.java:39 - Converting PropertySource configServerClient [org.springframework.core.env.MapPropertySource] to EncryptableMapPropertySourceWrapper
2019-08-06 21:46:16,185 [main] INFO  [c.u.j.EncryptablePropertySourceConverter] EncryptablePropertySourceConverter.java:39 - Converting PropertySource springCloudClientHostInfo [org.springframework.core.env.MapPropertySource] to EncryptableMapPropertySourceWrapper
2019-08-06 21:46:16,186 [main] INFO  [c.u.j.EncryptablePropertySourceConverter] EncryptablePropertySourceConverter.java:39 - Converting PropertySource applicationConfig: [classpath:/bootstrap.yml] (document #1) [org.springframework.boot.env.OriginTrackedMapPropertySource] to EncryptableMapPropertySourceWrapper
2019-08-06 21:46:16,186 [main] INFO  [c.u.j.EncryptablePropertySourceConverter] EncryptablePropertySourceConverter.java:39 - Converting PropertySource applicationConfig: [classpath:/bootstrap.yml] (document #0) [org.springframework.boot.env.OriginTrackedMapPropertySource] to EncryptableMapPropertySourceWrapper
2019-08-06 21:46:16,228 [main] INFO  [o.s.c.s.PostProcessorRegistrationDelegate$BeanPostProcessorChecker] PostProcessorRegistrationDelegate.java:330 - Bean 'org.springframework.cloud.autoconfigure.ConfigurationPropertiesRebinderAutoConfiguration' of type [org.springframework.cloud.autoconfigure.ConfigurationPropertiesRebinderAutoConfiguration$$EnhancerBySpringCGLIB$$8a6e7b9a] is not eligible for getting processed by all BeanPostProcessors (for example: not eligible for auto-proxying)
2019-08-06 21:46:16,250 [main] INFO  [c.u.j.filter.DefaultLazyPropertyFilter] DefaultLazyPropertyFilter.java:31 - Property Filter custom Bean not found with name 'encryptablePropertyFilter'. Initializing Default Property Filter
2019-08-06 21:46:16,279 [main] INFO  [c.u.j.resolver.DefaultLazyPropertyResolver] DefaultLazyPropertyResolver.java:31 - Property Resolver custom Bean not found with name 'encryptablePropertyResolver'. Initializing Default Property Resolver
2019-08-06 21:46:16,281 [main] INFO  [c.u.j.detector.DefaultLazyPropertyDetector] DefaultLazyPropertyDetector.java:30 - Property Detector custom Bean not found with name 'encryptablePropertyDetector'. Initializing Default Property Detector
2019-08-06 21:46:17,612 [main] INFO  [c.u.j.c.EnableEncryptablePropertiesConfiguration] EnableEncryptablePropertiesConfiguration.java:72 - Bootstraping jasypt-string-boot auto configuration in context: config-1
2019-08-06 21:46:17,613 [main] INFO  [com.cvnavi.config.ConfigServerApplication] SpringApplication.java:650 - The following profiles are active: native
2019-08-06 21:46:19,577 [main] WARN  [o.springframework.boot.actuate.endpoint.EndpointId] EndpointId.java:131 - Endpoint ID 'service-registry' contains invalid characters, please migrate to a valid format.
2019-08-06 21:46:19,774 [main] WARN  [o.springframework.boot.actuate.endpoint.EndpointId] EndpointId.java:131 - Endpoint ID 'hystrix.stream' contains invalid characters, please migrate to a valid format.
2019-08-06 21:46:20,209 [main] INFO  [o.springframework.cloud.context.scope.GenericScope] GenericScope.java:295 - BeanFactory id=9f53770e-fa84-3029-a43f-662460b90f83
2019-08-06 21:46:20,220 [main] INFO  [c.u.j.c.EnableEncryptablePropertiesBeanFactoryPostProcessor] EnableEncryptablePropertiesBeanFactoryPostProcessor.java:50 - Post-processing PropertySource instances
2019-08-06 21:46:20,247 [main] INFO  [c.u.j.EncryptablePropertySourceConverter] EncryptablePropertySourceConverter.java:39 - Converting PropertySource configurationProperties [org.springframework.boot.context.properties.source.ConfigurationPropertySourcesPropertySource] to AOP Proxy
2019-08-06 21:46:20,247 [main] INFO  [c.u.j.EncryptablePropertySourceConverter] EncryptablePropertySourceConverter.java:39 - Converting PropertySource servletConfigInitParams [org.springframework.core.env.PropertySource$StubPropertySource] to EncryptablePropertySourceWrapper
2019-08-06 21:46:20,247 [main] INFO  [c.u.j.EncryptablePropertySourceConverter] EncryptablePropertySourceConverter.java:39 - Converting PropertySource servletContextInitParams [org.springframework.core.env.PropertySource$StubPropertySource] to EncryptablePropertySourceWrapper
2019-08-06 21:46:20,247 [main] INFO  [c.u.j.EncryptablePropertySourceConverter] EncryptablePropertySourceConverter.java:39 - Converting PropertySource systemProperties [org.springframework.core.env.PropertiesPropertySource] to EncryptableMapPropertySourceWrapper
2019-08-06 21:46:20,248 [main] INFO  [c.u.j.EncryptablePropertySourceConverter] EncryptablePropertySourceConverter.java:39 - Converting PropertySource systemEnvironment [org.springframework.boot.env.SystemEnvironmentPropertySourceEnvironmentPostProcessor$OriginAwareSystemEnvironmentPropertySource] to EncryptableMapPropertySourceWrapper
2019-08-06 21:46:20,248 [main] INFO  [c.u.j.EncryptablePropertySourceConverter] EncryptablePropertySourceConverter.java:39 - Converting PropertySource random [org.springframework.boot.env.RandomValuePropertySource] to EncryptablePropertySourceWrapper
2019-08-06 21:46:20,248 [main] INFO  [c.u.j.EncryptablePropertySourceConverter] EncryptablePropertySourceConverter.java:39 - Converting PropertySource configServerClient [org.springframework.core.env.MapPropertySource] to EncryptableMapPropertySourceWrapper
2019-08-06 21:46:20,248 [main] INFO  [c.u.j.EncryptablePropertySourceConverter] EncryptablePropertySourceConverter.java:39 - Converting PropertySource springCloudClientHostInfo [org.springframework.core.env.MapPropertySource] to EncryptableMapPropertySourceWrapper
2019-08-06 21:46:20,249 [main] INFO  [c.u.j.EncryptablePropertySourceConverter] EncryptablePropertySourceConverter.java:39 - Converting PropertySource defaultProperties [org.springframework.core.env.MapPropertySource] to EncryptableMapPropertySourceWrapper
2019-08-06 21:46:20,264 [main] INFO  [c.u.j.filter.DefaultLazyPropertyFilter] DefaultLazyPropertyFilter.java:31 - Property Filter custom Bean not found with name 'encryptablePropertyFilter'. Initializing Default Property Filter
2019-08-06 21:46:21,274 [main] INFO  [o.s.c.s.PostProcessorRegistrationDelegate$BeanPostProcessorChecker] PostProcessorRegistrationDelegate.java:330 - Bean 'org.springframework.cloud.autoconfigure.ConfigurationPropertiesRebinderAutoConfiguration' of type [org.springframework.cloud.autoconfigure.ConfigurationPropertiesRebinderAutoConfiguration$$EnhancerBySpringCGLIB$$8a6e7b9a] is not eligible for getting processed by all BeanPostProcessors (for example: not eligible for auto-proxying)
2019-08-06 21:46:21,939 [main] WARN  [io.undertow.websockets.jsr] Bootstrap.java:68 - UT026010: Buffer pool was not set on WebSocketDeploymentInfo, the default pool will be used
2019-08-06 21:46:22,025 [main] INFO  [io.undertow.servlet] ServletContextImpl.java:364 - Initializing Spring embedded WebApplicationContext
2019-08-06 21:46:22,025 [main] INFO  [org.springframework.web.context.ContextLoader] ServletWebServerApplicationContext.java:283 - Root WebApplicationContext: initialization completed in 4396 ms
2019-08-06 21:46:22,453 [main] WARN  [com.netflix.config.sources.URLConfigurationSource] URLConfigurationSource.java:121 - No URLs will be polled as dynamic configuration sources.
2019-08-06 21:46:22,469 [main] INFO  [com.netflix.config.sources.URLConfigurationSource] URLConfigurationSource.java:122 - To enable URLs as dynamic configuration sources, define System property archaius.configurationSource.additionalUrls or make config.properties available on classpath.
2019-08-06 21:46:22,561 [main] INFO  [com.netflix.config.DynamicPropertyFactory] DynamicPropertyFactory.java:281 - DynamicPropertyFactory is initialized with configuration sources: com.netflix.config.ConcurrentCompositeConfiguration@6e3dd5ce
2019-08-06 21:46:24,676 [main] INFO  [c.u.j.resolver.DefaultLazyPropertyResolver] DefaultLazyPropertyResolver.java:31 - Property Resolver custom Bean not found with name 'encryptablePropertyResolver'. Initializing Default Property Resolver
2019-08-06 21:46:24,676 [main] INFO  [c.u.j.detector.DefaultLazyPropertyDetector] DefaultLazyPropertyDetector.java:30 - Property Detector custom Bean not found with name 'encryptablePropertyDetector'. Initializing Default Property Detector
2019-08-06 21:46:25,123 [main] WARN  [com.netflix.config.sources.URLConfigurationSource] URLConfigurationSource.java:121 - No URLs will be polled as dynamic configuration sources.
2019-08-06 21:46:25,123 [main] INFO  [com.netflix.config.sources.URLConfigurationSource] URLConfigurationSource.java:122 - To enable URLs as dynamic configuration sources, define System property archaius.configurationSource.additionalUrls or make config.properties available on classpath.
2019-08-06 21:46:25,457 [main] INFO  [o.s.scheduling.concurrent.ThreadPoolTaskExecutor] ExecutorConfigurationSupport.java:171 - Initializing ExecutorService 'applicationTaskExecutor'
2019-08-06 21:46:26,086 [main] INFO  [o.s.scheduling.concurrent.ThreadPoolTaskScheduler] ExecutorConfigurationSupport.java:171 - Initializing ExecutorService 'catalogWatchTaskScheduler'
2019-08-06 21:46:26,783 [main] INFO  [o.s.b.actuate.endpoint.web.EndpointLinksResolver] EndpointLinksResolver.java:58 - Exposing 2 endpoint(s) beneath base path '/actuator'
2019-08-06 21:46:26,971 [main] INFO  [org.xnio] Xnio.java:104 - XNIO version 3.3.8.Final
2019-08-06 21:46:26,994 [main] INFO  [org.xnio.nio] NioXnio.java:55 - XNIO NIO Implementation Version 3.3.8.Final
2019-08-06 21:46:27,063 [main] INFO  [o.s.b.w.embedded.undertow.UndertowServletWebServer] UndertowServletWebServer.java:144 - Undertow started on port(s) 18006 (http) with context path ''
2019-08-06 21:46:27,081 [main] INFO  [o.s.c.consul.serviceregistry.ConsulServiceRegistry] ConsulServiceRegistry.java:65 - Registering service with consul: NewService{id='config-322cbca406bd709d6ea8b32a6e456bd9', name='config', tags=[secure=false], address='172.31.26.81', meta=null, port=18006, enableTagOverride=null, check=Check{script='null', interval='15s', ttl='null', http='http://172.31.26.81:18006/actuator/health', method='null', header={}, tcp='null', timeout='null', deregisterCriticalServiceAfter='null', tlsSkipVerify=null, status='null'}, checks=null}
2019-08-06 21:46:27,101 [main] INFO  [com.cvnavi.config.ConfigServerApplication] StartupInfoLogger.java:59 - Started ConfigServerApplication in 14.079 seconds (JVM running for 19.202)
2019-08-06 21:46:28,168 [RMI TCP Connection(4)-10.0.75.1] INFO  [io.undertow.servlet] ServletContextImpl.java:364 - Initializing Spring DispatcherServlet 'dispatcherServlet'
2019-08-06 21:46:28,169 [RMI TCP Connection(4)-10.0.75.1] INFO  [org.springframework.web.servlet.DispatcherServlet] FrameworkServlet.java:524 - Initializing Servlet 'dispatcherServlet'
2019-08-06 21:46:28,183 [RMI TCP Connection(4)-10.0.75.1] INFO  [org.springframework.web.servlet.DispatcherServlet] FrameworkServlet.java:546 - Completed initialization in 13 ms
2019-08-06 21:51:39,340 [Thread-15] INFO  [o.s.c.consul.serviceregistry.ConsulServiceRegistry] ConsulServiceRegistry.java:93 - Deregistering service with consul: config-322cbca406bd709d6ea8b32a6e456bd9
2019-08-06 21:51:39,396 [Thread-15] INFO  [o.s.scheduling.concurrent.ThreadPoolTaskScheduler] ExecutorConfigurationSupport.java:208 - Shutting down ExecutorService 'catalogWatchTaskScheduler'
2019-08-06 21:51:39,398 [Thread-15] INFO  [o.s.scheduling.concurrent.ThreadPoolTaskExecutor] ExecutorConfigurationSupport.java:208 - Shutting down ExecutorService 'applicationTaskExecutor'
2019-08-06 21:51:39,413 [Thread-15] INFO  [io.undertow.servlet] ServletContextImpl.java:364 - Destroying Spring FrameworkServlet 'dispatcherServlet'
2019-08-06 21:51:46,890 [main] INFO  [c.u.j.c.EnableEncryptablePropertiesBeanFactoryPostProcessor] EnableEncryptablePropertiesBeanFactoryPostProcessor.java:50 - Post-processing PropertySource instances
2019-08-06 21:51:47,063 [main] INFO  [c.u.j.EncryptablePropertySourceConverter] EncryptablePropertySourceConverter.java:39 - Converting PropertySource configurationProperties [org.springframework.boot.context.properties.source.ConfigurationPropertySourcesPropertySource] to AOP Proxy
2019-08-06 21:51:47,066 [main] INFO  [c.u.j.EncryptablePropertySourceConverter] EncryptablePropertySourceConverter.java:39 - Converting PropertySource bootstrap [org.springframework.core.env.MapPropertySource] to EncryptableMapPropertySourceWrapper
2019-08-06 21:51:47,067 [main] INFO  [c.u.j.EncryptablePropertySourceConverter] EncryptablePropertySourceConverter.java:39 - Converting PropertySource systemProperties [org.springframework.core.env.PropertiesPropertySource] to EncryptableMapPropertySourceWrapper
2019-08-06 21:51:47,067 [main] INFO  [c.u.j.EncryptablePropertySourceConverter] EncryptablePropertySourceConverter.java:39 - Converting PropertySource systemEnvironment [org.springframework.boot.env.SystemEnvironmentPropertySourceEnvironmentPostProcessor$OriginAwareSystemEnvironmentPropertySource] to EncryptableMapPropertySourceWrapper
2019-08-06 21:51:47,068 [main] INFO  [c.u.j.EncryptablePropertySourceConverter] EncryptablePropertySourceConverter.java:39 - Converting PropertySource random [org.springframework.boot.env.RandomValuePropertySource] to EncryptablePropertySourceWrapper
2019-08-06 21:51:47,068 [main] INFO  [c.u.j.EncryptablePropertySourceConverter] EncryptablePropertySourceConverter.java:39 - Converting PropertySource configServerClient [org.springframework.core.env.MapPropertySource] to EncryptableMapPropertySourceWrapper
2019-08-06 21:51:47,069 [main] INFO  [c.u.j.EncryptablePropertySourceConverter] EncryptablePropertySourceConverter.java:39 - Converting PropertySource springCloudClientHostInfo [org.springframework.core.env.MapPropertySource] to EncryptableMapPropertySourceWrapper
2019-08-06 21:51:47,069 [main] INFO  [c.u.j.EncryptablePropertySourceConverter] EncryptablePropertySourceConverter.java:39 - Converting PropertySource applicationConfig: [classpath:/bootstrap.yml] (document #1) [org.springframework.boot.env.OriginTrackedMapPropertySource] to EncryptableMapPropertySourceWrapper
2019-08-06 21:51:47,069 [main] INFO  [c.u.j.EncryptablePropertySourceConverter] EncryptablePropertySourceConverter.java:39 - Converting PropertySource applicationConfig: [classpath:/bootstrap.yml] (document #0) [org.springframework.boot.env.OriginTrackedMapPropertySource] to EncryptableMapPropertySourceWrapper
2019-08-06 21:51:47,093 [main] INFO  [o.s.c.s.PostProcessorRegistrationDelegate$BeanPostProcessorChecker] PostProcessorRegistrationDelegate.java:330 - Bean 'org.springframework.cloud.autoconfigure.ConfigurationPropertiesRebinderAutoConfiguration' of type [org.springframework.cloud.autoconfigure.ConfigurationPropertiesRebinderAutoConfiguration$$EnhancerBySpringCGLIB$$23f3abf1] is not eligible for getting processed by all BeanPostProcessors (for example: not eligible for auto-proxying)
2019-08-06 21:51:47,131 [main] INFO  [c.u.j.filter.DefaultLazyPropertyFilter] DefaultLazyPropertyFilter.java:31 - Property Filter custom Bean not found with name 'encryptablePropertyFilter'. Initializing Default Property Filter
2019-08-06 21:51:47,152 [main] INFO  [c.u.j.resolver.DefaultLazyPropertyResolver] DefaultLazyPropertyResolver.java:31 - Property Resolver custom Bean not found with name 'encryptablePropertyResolver'. Initializing Default Property Resolver
2019-08-06 21:51:47,155 [main] INFO  [c.u.j.detector.DefaultLazyPropertyDetector] DefaultLazyPropertyDetector.java:30 - Property Detector custom Bean not found with name 'encryptablePropertyDetector'. Initializing Default Property Detector
